<?xml version="1.0" encoding="utf-8"?><testsuites name="pytest tests"><testsuite name="pytest" errors="0" failures="0" skipped="0" tests="26" time="3.434" timestamp="2026-04-17T11:22:15.120543+00:00" hostname="agent-env-bf4e4a88-16d8-44a7-8b9f-42a0f04b68dc"><testcase classname="backend.tests.test_yazanaki_api.TestServiceStatus" name="test_api_root_returns_service_status" time="0.247" /><testcase classname="backend.tests.test_yazanaki_api.TestOverview" name="test_overview_returns_core_divisions" time="0.144" /><testcase classname="backend.tests.test_yazanaki_api.TestOverview" name="test_overview_returns_active_alliances" time="0.163" /><testcase classname="backend.tests.test_yazanaki_api.TestOverview" name="test_overview_returns_empire_name" time="0.141" /><testcase classname="backend.tests.test_yazanaki_api.TestAllianceApplications" name="test_apply_valid_payload_returns_200" time="0.136" /><testcase classname="backend.tests.test_yazanaki_api.TestAllianceApplications" name="test_apply_invalid_size_returns_400" time="0.150" /><testcase classname="backend.tests.test_yazanaki_api.TestAllianceApplications" name="test_apply_invalid_specialization_returns_400" time="0.109" /><testcase classname="backend.tests.test_yazanaki_api.TestAllianceApplications" name="test_apply_invalid_alliance_type_returns_400" time="0.112" /><testcase classname="backend.tests.test_yazanaki_api.TestAllianceApplications" name="test_apply_invalid_contribution_capacity_returns_400" time="0.108" /><testcase classname="backend.tests.test_yazanaki_api.TestAllianceApplications" name="test_apply_missing_faction_name_returns_422" time="0.139" /><testcase classname="backend.tests.test_yazanaki_api.TestAllianceApplications" name="test_apply_empty_faction_name_returns_422" time="0.102" /><testcase classname="backend.tests.test_yazanaki_api.TestAllianceApplications" name="test_list_applications_returns_list_without_mongo_id" time="0.202" /><testcase classname="backend.tests.test_yazanaki_api.TestAllianceApplications" name="test_apply_and_verify_persistence" time="0.205" /><testcase classname="backend.tests.test_yazanaki_api.TestAllEnumValues" name="test_all_valid_sizes[Small]" time="0.101" /><testcase classname="backend.tests.test_yazanaki_api.TestAllEnumValues" name="test_all_valid_sizes[Medium]" time="0.103" /><testcase classname="backend.tests.test_yazanaki_api.TestAllEnumValues" name="test_all_valid_sizes[Large]" time="0.100" /><testcase classname="backend.tests.test_yazanaki_api.TestAllEnumValues" name="test_all_valid_specializations[PvP]" time="0.103" /><testcase classname="backend.tests.test_yazanaki_api.TestAllEnumValues" name="test_all_valid_specializations[Economy]" time="0.111" /><testcase classname="backend.tests.test_yazanaki_api.TestAllEnumValues" name="test_all_valid_specializations[Hybrid]" time="0.114" /><testcase classname="backend.tests.test_yazanaki_api.TestAllEnumValues" name="test_all_valid_alliance_types[Non-Aggression]" time="0.112" /><testcase classname="backend.tests.test_yazanaki_api.TestAllEnumValues" name="test_all_valid_alliance_types[Trade Partnership]" time="0.103" /><testcase classname="backend.tests.test_yazanaki_api.TestAllEnumValues" name="test_all_valid_alliance_types[Full Alliance]" time="0.112" /><testcase classname="backend.tests.test_yazanaki_api.TestAllEnumValues" name="test_all_valid_contribution_capacities[Low]" time="0.102" /><testcase classname="backend.tests.test_yazanaki_api.TestAllEnumValues" name="test_all_valid_contribution_capacities[Moderate]" time="0.115" /><testcase classname="backend.tests.test_yazanaki_api.TestAllEnumValues" name="test_all_valid_contribution_capacities[High]" time="0.110" /><testcase classname="backend.tests.test_yazanaki_api.TestAllEnumValues" name="test_all_valid_contribution_capacities[Strategic]" time="0.116" /></testsuite></testsuites>