<?xml version="1.0" encoding="utf-8"?><testsuites name="pytest tests"><testsuite name="pytest" errors="0" failures="0" skipped="0" tests="7" time="1.139" timestamp="2026-04-17T11:48:39.019823+00:00" hostname="agent-env-bf4e4a88-16d8-44a7-8b9f-42a0f04b68dc"><testcase classname="backend.tests.test_yazanaki_api_iter3.TestServiceStatus" name="test_root_endpoint_returns_ok" time="0.250" /><testcase classname="backend.tests.test_yazanaki_api_iter3.TestOverviewEndpoint" name="test_overview_returns_empire_name" time="0.156" /><testcase classname="backend.tests.test_yazanaki_api_iter3.TestOverviewEndpoint" name="test_overview_returns_core_divisions" time="0.136" /><testcase classname="backend.tests.test_yazanaki_api_iter3.TestOverviewEndpoint" name="test_overview_returns_active_alliances" time="0.127" /><testcase classname="backend.tests.test_yazanaki_api_iter3.TestOverviewEndpoint" name="test_overview_returns_governance" time="0.131" /><testcase classname="backend.tests.test_yazanaki_api_iter3.TestRemovedEndpoints" name="test_apply_endpoint_removed" time="0.139" /><testcase classname="backend.tests.test_yazanaki_api_iter3.TestRemovedEndpoints" name="test_applications_list_endpoint_removed" time="0.135" /></testsuite></testsuites>