<?xml version="1.0" encoding="utf-8"?><testsuites name="pytest tests"><testsuite name="pytest" errors="0" failures="0" skipped="0" tests="8" time="1.288" timestamp="2026-04-17T12:19:41.782553+00:00" hostname="agent-env-bf4e4a88-16d8-44a7-8b9f-42a0f04b68dc"><testcase classname="backend.tests.test_yazanaki_api_iter4.TestBackendAPI" name="test_api_root_returns_200" time="0.306" /><testcase classname="backend.tests.test_yazanaki_api_iter4.TestBackendAPI" name="test_api_overview_returns_200" time="0.151" /><testcase classname="backend.tests.test_yazanaki_api_iter4.TestBackendAPI" name="test_api_overview_has_core_divisions" time="0.143" /><testcase classname="backend.tests.test_yazanaki_api_iter4.TestBackendAPI" name="test_api_overview_has_active_alliances" time="0.104" /><testcase classname="backend.tests.test_yazanaki_api_iter4.TestBackendAPI" name="test_api_overview_has_governance" time="0.108" /><testcase classname="backend.tests.test_yazanaki_api_iter4.TestBackendAPI" name="test_alliances_apply_returns_404" time="0.143" /><testcase classname="backend.tests.test_yazanaki_api_iter4.TestStaticAssets" name="test_emblem_snu_accessible" time="0.113" /><testcase classname="backend.tests.test_yazanaki_api_iter4.TestStaticAssets" name="test_emblem_excalibur_accessible" time="0.150" /></testsuite></testsuites>